Line 47: 211417_lh_pial.stl
Line 49: 211922_lh_pial.stl
Line 48: 211720_lh_pial.stl
Line 47: 211417_lh_white.stl
ne 50: 212015_lh_white.stl
LinLine 45: 211215_lh_pial.stl
Line 49: 211922_lh_white.stl
Line 48: 211720_lh_white.stl
Line 45: 211215_lh_white.stl
Line 73: 233326_lh_pial.stl
Line 74: 236130_lh_pial.stl
Line 72: 231928_lh_pial.stl
Line 75: 237334_lh_pial.stl
Line 79: 248339_lh_pial.stl
Line 81: 250427_lh_pial.stl
Line 78: 246133_lh_pial.stl
Line 82: 250932_lh_pial.stl
Line 80: 249947_lh_pial.stl
Line 73: 233326_lh_white.stl
Line 75: 237334_lh_white.stl
Line 74: 236130_lh_white.stl
Line 72: 231928_lh_white.stl
e 22: 204622_lh_pial.stl
Line 31: 208024_lh_pial.stl
Line 28: 207123_lh_pial.stl
Line 19: 204319_lh_pial.stl
Line 17: 203923_lh_pial.stl
Line 26: 205826_lh_white.stl
Line 25: 205725_lh_pial.stl
Line 30: 207628_lh_white.stl
Line 80: 249947_lh_white.stl
Line 21: 204521_lh_white.stl
Line 22: 204622_lh_white.stl
Line 28: 207123_lh_white.stLiLine 19: 204319_lh_white.stl
Line 17: 203923_lh_white.stl
ne 81: 250427_lh_white.stl
Line 69: 224022_lh_pial.stl
Line 70: 227432_lh_pial.stl
Line 77: 245333_lh_pial.stl
Line 71: 228434_lh_pial.stl
Line 76: 239944_lh_pial.stl
Line 68: 223929_lh_white.stl
Line 83: 251833_lh_white.stl
ine 20: 204420_lh_pial.stl
Line 24: 205220_lh_pial.stl
Line 23: 205119_lh_pial.stl
Line 29: 207426_lh_pial.stl
Line 18: 204016_lh_pial.stl
Line 77: 245333_lh_white.stlLine 32: 208125_lh_white.stl

Line 69: 224022_lh_white.stl
Line 76: 239944_lh_white.stl
Line 71: 228434_lh_white.stl
Line 20: 204420_lh_white.stl
Line 23: 205119_lh_white.stl
Line 24: 205220_lh_white.stl
Line 29: 207426_lh_white.stl
Line 18: 204016_lh_white.stl
Line 27: 206222_lh_white.stl
Line 58: 214221_lh_pial.stl
Line 65: 220721_lh_pial.stl
Line 58: 214221_lh_white.stl
Line 65: 220721_lh_white.stl
Line 62: 214726_lh_pial.stl
Line 59: 214423_lh_pial.stl
Line 56: 213421_lh_pial.stl
Line 53: 212318_lh_pial.stl
Line 57: 214019_lh_pial.stl
Line 64: 217429_lh_pial.stl
Line 52: 212217_lh_pial.stl
Line 63: 217126_lh_pial.stl
Line 54: 212419_lh_pial.stl
Line 62: 214726_lh_white.stl
Line 59: 214423_lh_white.stl
Line 60: 214524_lh_pial.stl
Line 56: 213421_lh_white.stl
Line 66: 221218_lh_pial.stl
Line 55: 212823_lh_pial.stl
Line 67: 221319_lh_pial.stl
Line 61: 214625_lh_pial.stl
Line 53: 212318_lh_white.stl
Line 64: 217429_lh_white.stl
Line 57: 214019_lh_white.stl
Line 63: 217126_lh_white.stl
Line 52: 212217_lh_white.stl
Line 54: 212419_lh_white.stl
Line 60: 214524_lh_white.stl
Line 61: 214625_lh_white.stl
Line 66: 221218_lh_white.stl
Line 67: 221319_lh_white.stl
Line 55: 212823_lh_white.stl
Line 95: 283543_lh_pial.stl
Line 95: 283543_lh_white.stl
Line 97: 285345_lh_pial.stl
Line 97: 285345_lh_white.stl
Line 98: 285446_lh_pial.stl
Line 98: 285446_lh_white.stl
Line 101: 289555_lh_pial.stl
Line 100: 287248_lh_pial.stl
Line 96: 284646_lh_pial.stl
Line 99: 286650_lh_pial.stl
Line 101: 289555_lh_white.stl
Line 100: 287248_lh_white.stl
Line 99: 286650_lh_white.stl
Line 96: 284646_lh_white.stl
Line 107: 298455_lh_pial.stl
Line 102: 290136_lh_pial.stl
Line 103: 293748_lh_pial.stl
Line 106: 298051_lh_pial.stl
Line 104: 295146_lh_pial.stl
Line 105: 297655_lh_pial.stl
Line 107: 298455_lh_white.stl
Line 103: 293748_lh_white.stl
Line 102: 290136_lh_white.stl
Line 105: 297655_lh_white.stl
Line 104: 295146_lh_white.stl
Line 106: 298051_lh_white.stl
